<?xml version="1.0" encoding="UTF-8"?>
<robot generator="Robot 7.0 (Python 3.11.7 on darwin)" generated="2024-02-17T14:14:20.125707" rpa="false" schemaversion="5">
<suite id="s1" name="Test Plus" source="/Users/hon/Workspace/3D/Softdevinpractice/20Feb/test_plus.robot">
<test id="s1-t1" name="Test Calculate Numbers 6 and 5 (ฺBefore Using Keywords)" line="6">
<kw name="GET" owner="RequestsLibrary">
<msg time="2024-02-17T14:14:20.200483" level="FAIL">ConnectionError: ('Connection aborted.', RemoteDisconnected('Remote end closed connection without response'))</msg>
<var>${resp}</var>
<arg>http://127.0.0.1:8000/plus/6/5</arg>
<doc>Sends a GET request.</doc>
<status status="FAIL" start="2024-02-17T14:14:20.190746" elapsed="0.015597">ConnectionError: ('Connection aborted.', RemoteDisconnected('Remote end closed connection without response'))</status>
</kw>
<kw name="Should Be Equal" owner="BuiltIn">
<arg>${resp.status_code}</arg>
<arg>${200}</arg>
<doc>Fails if the given objects are unequal.</doc>
<status status="NOT RUN" start="2024-02-17T14:14:20.206588" elapsed="0.000026"/>
</kw>
<kw name="Set Variable" owner="BuiltIn">
<var>${json_resp}</var>
<arg>${resp.json()}</arg>
<doc>Returns the given values which can then be assigned to a variables.</doc>
<status status="NOT RUN" start="2024-02-17T14:14:20.206711" elapsed="0.000014"/>
</kw>
<kw name="Should Be Equal" owner="BuiltIn">
<arg>${json_resp['result']}</arg>
<arg>${11}</arg>
<doc>Fails if the given objects are unequal.</doc>
<status status="NOT RUN" start="2024-02-17T14:14:20.206803" elapsed="0.000011"/>
</kw>
<status status="FAIL" start="2024-02-17T14:14:20.190283" elapsed="0.016690">ConnectionError: ('Connection aborted.', RemoteDisconnected('Remote end closed connection without response'))</status>
</test>
<test id="s1-t2" name="Test Calculate Numbers 6 and 5 (ฺBefore Using Keywords)" line="19">
<kw name="GET" owner="RequestsLibrary">
<msg time="2024-02-17T14:14:20.210952" level="FAIL">ConnectionError: ('Connection aborted.', RemoteDisconnected('Remote end closed connection without response'))</msg>
<var>${resp}</var>
<arg>http://127.0.0.1:8000/plus/8/8</arg>
<doc>Sends a GET request.</doc>
<status status="FAIL" start="2024-02-17T14:14:20.207480" elapsed="0.004756">ConnectionError: ('Connection aborted.', RemoteDisconnected('Remote end closed connection without response'))</status>
</kw>
<kw name="Should Be Equal" owner="BuiltIn">
<arg>${resp.status_code}</arg>
<arg>${200}</arg>
<doc>Fails if the given objects are unequal.</doc>
<status status="NOT RUN" start="2024-02-17T14:14:20.212364" elapsed="0.000016"/>
</kw>
<kw name="Set Variable" owner="BuiltIn">
<var>${json_resp}</var>
<arg>${resp.json()}</arg>
<doc>Returns the given values which can then be assigned to a variables.</doc>
<status status="NOT RUN" start="2024-02-17T14:14:20.212462" elapsed="0.000011"/>
</kw>
<kw name="Should Be Equal" owner="BuiltIn">
<arg>${json_resp['result']}</arg>
<arg>${16}</arg>
<doc>Fails if the given objects are unequal.</doc>
<status status="NOT RUN" start="2024-02-17T14:14:20.212555" elapsed="0.000020"/>
</kw>
<status status="FAIL" start="2024-02-17T14:14:20.207237" elapsed="0.005446">ConnectionError: ('Connection aborted.', RemoteDisconnected('Remote end closed connection without response'))</status>
</test>
<status status="FAIL" start="2024-02-17T14:14:20.126914" elapsed="0.085947"/>
</suite>
<statistics>
<total>
<stat pass="0" fail="2" skip="0">All Tests</stat>
</total>
<tag>
</tag>
<suite>
<stat pass="0" fail="2" skip="0" id="s1" name="Test Plus">Test Plus</stat>
</suite>
</statistics>
<errors>
<msg time="2024-02-17T14:14:20.207176" level="WARN">Multiple tests with name 'Test Calculate Numbers 6 and 5 (ฺBefore Using Keywords)' executed in suite 'Test Plus'.</msg>
</errors>
</robot>
