<?xml version="1.0" encoding="UTF-8"?>
<robot generator="Robot 7.0 (Python 3.11.7 on darwin)" generated="2024-02-17T15:26:26.252850" rpa="false" schemaversion="5">
<suite id="s1" name="Test Plus" source="/Users/hon/Workspace/3D/Softdevinpractice/20Feb/test_plus.robot">
<test id="s1-t1" name="Test Calculate Numbers 6 and 5 (ฺBefore Using Keywords)" line="6">
<kw name="GET" owner="RequestsLibrary">
<msg time="2024-02-17T15:26:26.440868" level="INFO">GET Request : url=http://192.168.88.5:8000/plus/6/5 
 path_url=/plus/6/5 
 headers={'User-Agent': 'python-requests/2.31.0', 'Accept-Encoding': 'gzip, deflate', 'Accept': '*/*', 'Connection': 'keep-alive'} 
 body=None 
 </msg>
<msg time="2024-02-17T15:26:26.440993" level="INFO">GET Response : url=http://192.168.88.5:8000/plus/6/5 
 status=200, reason=OK 
 headers={'date': 'Sat, 17 Feb 2024 08:26:25 GMT', 'server': 'uvicorn', 'content-length': '13', 'content-type': 'application/json'} 
 body={"result":11} 
 </msg>
<msg time="2024-02-17T15:26:26.441137" level="INFO">${resp} = &lt;Response [200]&gt;</msg>
<var>${resp}</var>
<arg>http://192.168.88.5:8000/plus/6/5</arg>
<doc>Sends a GET request.</doc>
<status status="PASS" start="2024-02-17T15:26:26.312694" elapsed="0.128471"/>
</kw>
<kw name="Should Be Equal" owner="BuiltIn">
<arg>${resp.status_code}</arg>
<arg>${200}</arg>
<doc>Fails if the given objects are unequal.</doc>
<status status="PASS" start="2024-02-17T15:26:26.441411" elapsed="0.000579"/>
</kw>
<kw name="Set Variable" owner="BuiltIn">
<msg time="2024-02-17T15:26:26.442413" level="INFO">${json_resp} = {'result': 11}</msg>
<var>${json_resp}</var>
<arg>${resp.json()}</arg>
<doc>Returns the given values which can then be assigned to a variables.</doc>
<status status="PASS" start="2024-02-17T15:26:26.442102" elapsed="0.000327"/>
</kw>
<kw name="Should Be Equal" owner="BuiltIn">
<arg>${json_resp['result']}</arg>
<arg>${11}</arg>
<doc>Fails if the given objects are unequal.</doc>
<status status="PASS" start="2024-02-17T15:26:26.442520" elapsed="0.000395"/>
</kw>
<status status="PASS" start="2024-02-17T15:26:26.312229" elapsed="0.130784"/>
</test>
<test id="s1-t2" name="Test Calculate Numbers 8 and 8 (ฺBefore Using Keywords)" line="19">
<kw name="GET" owner="RequestsLibrary">
<msg time="2024-02-17T15:26:26.456687" level="INFO">GET Request : url=http://192.168.88.5:8000/plus/8/8 
 path_url=/plus/8/8 
 headers={'User-Agent': 'python-requests/2.31.0', 'Accept-Encoding': 'gzip, deflate', 'Accept': '*/*', 'Connection': 'keep-alive'} 
 body=None 
 </msg>
<msg time="2024-02-17T15:26:26.456778" level="INFO">GET Response : url=http://192.168.88.5:8000/plus/8/8 
 status=200, reason=OK 
 headers={'date': 'Sat, 17 Feb 2024 08:26:25 GMT', 'server': 'uvicorn', 'content-length': '13', 'content-type': 'application/json'} 
 body={"result":16} 
 </msg>
<msg time="2024-02-17T15:26:26.456907" level="INFO">${resp} = &lt;Response [200]&gt;</msg>
<var>${resp}</var>
<arg>http://192.168.88.5:8000/plus/8/8</arg>
<doc>Sends a GET request.</doc>
<status status="PASS" start="2024-02-17T15:26:26.443379" elapsed="0.013548"/>
</kw>
<kw name="Should Be Equal" owner="BuiltIn">
<arg>${resp.status_code}</arg>
<arg>${200}</arg>
<doc>Fails if the given objects are unequal.</doc>
<status status="PASS" start="2024-02-17T15:26:26.457159" elapsed="0.000582"/>
</kw>
<kw name="Set Variable" owner="BuiltIn">
<msg time="2024-02-17T15:26:26.458142" level="INFO">${json_resp} = {'result': 16}</msg>
<var>${json_resp}</var>
<arg>${resp.json()}</arg>
<doc>Returns the given values which can then be assigned to a variables.</doc>
<status status="PASS" start="2024-02-17T15:26:26.457843" elapsed="0.000315"/>
</kw>
<kw name="Should Be Equal" owner="BuiltIn">
<arg>${json_resp['result']}</arg>
<arg>${16}</arg>
<doc>Fails if the given objects are unequal.</doc>
<status status="PASS" start="2024-02-17T15:26:26.458262" elapsed="0.000614"/>
</kw>
<status status="PASS" start="2024-02-17T15:26:26.443145" elapsed="0.015830"/>
</test>
<status status="PASS" start="2024-02-17T15:26:26.253603" elapsed="0.205617"/>
</suite>
<statistics>
<total>
<stat pass="2" fail="0" skip="0">All Tests</stat>
</total>
<tag>
</tag>
<suite>
<stat pass="2" fail="0" skip="0" id="s1" name="Test Plus">Test Plus</stat>
</suite>
</statistics>
<errors>
</errors>
</robot>
